[PID=30035][Tue Mar 28 22:43:13 2017] Error : -196608(eVOLNOTMOUNTED_RDSM) in RDsM_ReadTrain.c:90
[PID=30035][Tue Mar 28 22:43:13 2017] Error : -196608(eVOLNOTMOUNTED_RDSM) in bfm_ReadTrain.c:90
[PID=30035][Tue Mar 28 22:43:13 2017] Error : -196608(eVOLNOTMOUNTED_RDSM) in BfM_GetTrain.c:113
[PID=30035][Tue Mar 28 22:43:13 2017] Error : -196608(eVOLNOTMOUNTED_RDSM) in EduOM_Test.c:562
[PID=30035][Tue Mar 28 22:43:14 2017] Error : -196608(eVOLNOTMOUNTED_RDSM) in RDsM_ReadTrain.c:90
[PID=30035][Tue Mar 28 22:43:14 2017] Error : -196608(eVOLNOTMOUNTED_RDSM) in bfm_ReadTrain.c:90
[PID=30035][Tue Mar 28 22:43:14 2017] Error : -196608(eVOLNOTMOUNTED_RDSM) in BfM_GetTrain.c:113
[PID=30035][Tue Mar 28 22:43:14 2017] Error : -196608(eVOLNOTMOUNTED_RDSM) in EduOM_Test.c:562
[PID=30035][Tue Mar 28 22:43:14 2017] Error : -196608(eVOLNOTMOUNTED_RDSM) in RDsM_ReadTrain.c:90
[PID=30035][Tue Mar 28 22:43:14 2017] Error : -196608(eVOLNOTMOUNTED_RDSM) in bfm_ReadTrain.c:90
[PID=30035][Tue Mar 28 22:43:14 2017] Error : -196608(eVOLNOTMOUNTED_RDSM) in BfM_GetTrain.c:113
[PID=30035][Tue Mar 28 22:43:14 2017] Error : -196608(eVOLNOTMOUNTED_RDSM) in EduOM_Test.c:618
[PID=30035][Tue Mar 28 22:43:14 2017] Error : -196608(eVOLNOTMOUNTED_RDSM) in RDsM_ReadTrain.c:90
[PID=30035][Tue Mar 28 22:43:14 2017] Error : -196608(eVOLNOTMOUNTED_RDSM) in bfm_ReadTrain.c:90
[PID=30035][Tue Mar 28 22:43:14 2017] Error : -196608(eVOLNOTMOUNTED_RDSM) in BfM_GetTrain.c:113
[PID=30035][Tue Mar 28 22:43:14 2017] Error : -196608(eVOLNOTMOUNTED_RDSM) in EduOM_Test.c:562
[PID=30035][Tue Mar 28 22:43:14 2017] Error : -196608(eVOLNOTMOUNTED_RDSM) in RDsM_ReadTrain.c:90
[PID=30035][Tue Mar 28 22:43:14 2017] Error : -196608(eVOLNOTMOUNTED_RDSM) in bfm_ReadTrain.c:90
[PID=30035][Tue Mar 28 22:43:14 2017] Error : -196608(eVOLNOTMOUNTED_RDSM) in BfM_GetTrain.c:113
[PID=30035][Tue Mar 28 22:43:14 2017] Error : -196608(eVOLNOTMOUNTED_RDSM) in EduOM_Test.c:562
[PID=30035][Tue Mar 28 22:43:14 2017] Error : -196608(eVOLNOTMOUNTED_RDSM) in RDsM_ReadTrain.c:90
[PID=30035][Tue Mar 28 22:43:14 2017] Error : -196608(eVOLNOTMOUNTED_RDSM) in bfm_ReadTrain.c:90
[PID=30035][Tue Mar 28 22:43:14 2017] Error : -196608(eVOLNOTMOUNTED_RDSM) in BfM_GetTrain.c:113
[PID=30035][Tue Mar 28 22:43:14 2017] Error : -196608(eVOLNOTMOUNTED_RDSM) in EduOM_Test.c:562
[PID=30035][Tue Mar 28 22:43:15 2017] Error : -196608(eVOLNOTMOUNTED_RDSM) in RDsM_ReadTrain.c:90
[PID=30035][Tue Mar 28 22:43:15 2017] Error : -196608(eVOLNOTMOUNTED_RDSM) in bfm_ReadTrain.c:90
[PID=30035][Tue Mar 28 22:43:15 2017] Error : -196608(eVOLNOTMOUNTED_RDSM) in BfM_GetTrain.c:113
[PID=30035][Tue Mar 28 22:43:15 2017] Error : -196608(eVOLNOTMOUNTED_RDSM) in EduOM_Test.c:665
[PID=30035][Tue Mar 28 22:43:15 2017] Error : -196608(eVOLNOTMOUNTED_RDSM) in RDsM_ReadTrain.c:90
[PID=30035][Tue Mar 28 22:43:15 2017] Error : -196608(eVOLNOTMOUNTED_RDSM) in bfm_ReadTrain.c:90
[PID=30035][Tue Mar 28 22:43:15 2017] Error : -196608(eVOLNOTMOUNTED_RDSM) in BfM_GetTrain.c:113
[PID=30035][Tue Mar 28 22:43:15 2017] Error : -196608(eVOLNOTMOUNTED_RDSM) in EduOM_Test.c:562
[PID=30035][Tue Mar 28 22:43:15 2017] Error : -1(Unix error code) in EduOM_Test.c:272
[PID=30035][Tue Mar 28 22:43:15 2017] Error : -589829(eNOLOGGEDTRANSACTION_RM) in RM_Transaction.c:311
[PID=30035][Tue Mar 28 22:43:15 2017] Error : -589829(eNOLOGGEDTRANSACTION_RM) in SM_Transaction.c:258
[PID=30035][Tue Mar 28 22:43:15 2017] Error : -589829(eNOLOGGEDTRANSACTION_RM) in SM_ThinLayer.c:761
[PID=30035][Tue Mar 28 22:43:15 2017] Error : -589829(eNOLOGGEDTRANSACTION_RM) in LRDS_Transaction.c:133
[PID=30035][Tue Mar 28 22:43:15 2017] Error : -65538(eBADPARAMETER) in Util_heap.c:298
[PID=30035][Tue Mar 28 22:43:15 2017] Error : -65538(eBADPARAMETER) in LRDS_CloseScan.c:107
[PID=30035][Tue Mar 28 22:43:15 2017] Error : -65538(eBADPARAMETER) in LRDS_Transaction.c:90
[PID=30035][Tue Mar 28 22:43:15 2017] Error : -65539(eBADVOLUMEID) in LRDS_Dismount.c:73
[PID=69][Sun Mar 14 14:01:05 2021] Error : -196608(eVOLNOTMOUNTED_RDSM) in RDsM_ReadTrain.c:90
[PID=69][Sun Mar 14 14:01:05 2021] Error : -196608(eVOLNOTMOUNTED_RDSM) in bfm_ReadTrain.c:90
[PID=69][Sun Mar 14 14:01:05 2021] Error : -196608(eVOLNOTMOUNTED_RDSM) in BfM_GetTrain.c:113
[PID=69][Sun Mar 14 14:01:05 2021] Error : -196608(eVOLNOTMOUNTED_RDSM) in EduOM_Test.c:562
[PID=69][Sun Mar 14 14:01:05 2021] Error : -196608(eVOLNOTMOUNTED_RDSM) in RDsM_ReadTrain.c:90
[PID=69][Sun Mar 14 14:01:05 2021] Error : -196608(eVOLNOTMOUNTED_RDSM) in bfm_ReadTrain.c:90
[PID=69][Sun Mar 14 14:01:06 2021] Error : -196608(eVOLNOTMOUNTED_RDSM) in BfM_GetTrain.c:113
[PID=69][Sun Mar 14 14:01:06 2021] Error : -196608(eVOLNOTMOUNTED_RDSM) in EduOM_Test.c:562
[PID=69][Sun Mar 14 14:01:06 2021] Error : -196608(eVOLNOTMOUNTED_RDSM) in RDsM_ReadTrain.c:90
[PID=69][Sun Mar 14 14:01:06 2021] Error : -196608(eVOLNOTMOUNTED_RDSM) in bfm_ReadTrain.c:90
[PID=69][Sun Mar 14 14:01:06 2021] Error : -196608(eVOLNOTMOUNTED_RDSM) in BfM_GetTrain.c:113
[PID=69][Sun Mar 14 14:01:06 2021] Error : -196608(eVOLNOTMOUNTED_RDSM) in EduOM_Test.c:618
[PID=69][Sun Mar 14 14:01:06 2021] Error : -196608(eVOLNOTMOUNTED_RDSM) in RDsM_ReadTrain.c:90
[PID=69][Sun Mar 14 14:01:06 2021] Error : -196608(eVOLNOTMOUNTED_RDSM) in bfm_ReadTrain.c:90
[PID=69][Sun Mar 14 14:01:06 2021] Error : -196608(eVOLNOTMOUNTED_RDSM) in BfM_GetTrain.c:113
[PID=69][Sun Mar 14 14:01:06 2021] Error : -196608(eVOLNOTMOUNTED_RDSM) in EduOM_Test.c:562
[PID=69][Sun Mar 14 14:01:06 2021] Error : -196608(eVOLNOTMOUNTED_RDSM) in RDsM_ReadTrain.c:90
[PID=69][Sun Mar 14 14:01:06 2021] Error : -196608(eVOLNOTMOUNTED_RDSM) in bfm_ReadTrain.c:90
[PID=69][Sun Mar 14 14:01:06 2021] Error : -196608(eVOLNOTMOUNTED_RDSM) in BfM_GetTrain.c:113
[PID=69][Sun Mar 14 14:01:06 2021] Error : -196608(eVOLNOTMOUNTED_RDSM) in EduOM_Test.c:562
[PID=69][Sun Mar 14 14:01:06 2021] Error : -196608(eVOLNOTMOUNTED_RDSM) in RDsM_ReadTrain.c:90
[PID=69][Sun Mar 14 14:01:06 2021] Error : -196608(eVOLNOTMOUNTED_RDSM) in bfm_ReadTrain.c:90
[PID=69][Sun Mar 14 14:01:06 2021] Error : -196608(eVOLNOTMOUNTED_RDSM) in BfM_GetTrain.c:113
[PID=69][Sun Mar 14 14:01:06 2021] Error : -196608(eVOLNOTMOUNTED_RDSM) in EduOM_Test.c:562
[PID=69][Sun Mar 14 14:01:06 2021] Error : -196608(eVOLNOTMOUNTED_RDSM) in RDsM_ReadTrain.c:90
[PID=69][Sun Mar 14 14:01:06 2021] Error : -196608(eVOLNOTMOUNTED_RDSM) in bfm_ReadTrain.c:90
[PID=69][Sun Mar 14 14:01:06 2021] Error : -196608(eVOLNOTMOUNTED_RDSM) in BfM_GetTrain.c:113
[PID=69][Sun Mar 14 14:01:06 2021] Error : -196608(eVOLNOTMOUNTED_RDSM) in EduOM_Test.c:665
[PID=69][Sun Mar 14 14:01:06 2021] Error : -196608(eVOLNOTMOUNTED_RDSM) in RDsM_ReadTrain.c:90
[PID=69][Sun Mar 14 14:01:06 2021] Error : -196608(eVOLNOTMOUNTED_RDSM) in bfm_ReadTrain.c:90
[PID=69][Sun Mar 14 14:01:06 2021] Error : -196608(eVOLNOTMOUNTED_RDSM) in BfM_GetTrain.c:113
[PID=69][Sun Mar 14 14:01:06 2021] Error : -196608(eVOLNOTMOUNTED_RDSM) in EduOM_Test.c:562
[PID=69][Sun Mar 14 14:01:06 2021] Error : -1(Unix error code) in EduOM_Test.c:272
[PID=69][Sun Mar 14 14:01:06 2021] Error : -589829(eNOLOGGEDTRANSACTION_RM) in RM_Transaction.c:311
[PID=69][Sun Mar 14 14:01:06 2021] Error : -589829(eNOLOGGEDTRANSACTION_RM) in SM_Transaction.c:258
[PID=69][Sun Mar 14 14:01:06 2021] Error : -589829(eNOLOGGEDTRANSACTION_RM) in SM_ThinLayer.c:761
[PID=69][Sun Mar 14 14:01:06 2021] Error : -589829(eNOLOGGEDTRANSACTION_RM) in LRDS_Transaction.c:133
[PID=69][Sun Mar 14 14:01:06 2021] Error : -524288(eBADPARAMETER_SM) in SM_CloseScan.c:65
[PID=69][Sun Mar 14 14:01:06 2021] Error : -524288(eBADPARAMETER_SM) in LRDS_CloseScan.c:102
[PID=69][Sun Mar 14 14:01:06 2021] Error : -524288(eBADPARAMETER_SM) in LRDS_Transaction.c:90
[PID=69][Sun Mar 14 14:01:06 2021] Error : -65539(eBADVOLUMEID) in LRDS_Dismount.c:73
[PID=98][Sun Mar 14 14:11:19 2021] Error : -196608(eVOLNOTMOUNTED_RDSM) in RDsM_ReadTrain.c:90
[PID=98][Sun Mar 14 14:11:20 2021] Error : -196608(eVOLNOTMOUNTED_RDSM) in bfm_ReadTrain.c:90
[PID=98][Sun Mar 14 14:11:20 2021] Error : -196608(eVOLNOTMOUNTED_RDSM) in BfM_GetTrain.c:113
[PID=98][Sun Mar 14 14:11:20 2021] Error : -196608(eVOLNOTMOUNTED_RDSM) in EduOM_Test.c:562
[PID=98][Sun Mar 14 14:11:20 2021] Error : -196608(eVOLNOTMOUNTED_RDSM) in RDsM_ReadTrain.c:90
[PID=98][Sun Mar 14 14:11:20 2021] Error : -196608(eVOLNOTMOUNTED_RDSM) in bfm_ReadTrain.c:90
[PID=98][Sun Mar 14 14:11:20 2021] Error : -196608(eVOLNOTMOUNTED_RDSM) in BfM_GetTrain.c:113
[PID=98][Sun Mar 14 14:11:20 2021] Error : -196608(eVOLNOTMOUNTED_RDSM) in EduOM_Test.c:562
[PID=98][Sun Mar 14 14:11:20 2021] Error : -196608(eVOLNOTMOUNTED_RDSM) in RDsM_ReadTrain.c:90
[PID=98][Sun Mar 14 14:11:20 2021] Error : -196608(eVOLNOTMOUNTED_RDSM) in bfm_ReadTrain.c:90
[PID=98][Sun Mar 14 14:11:20 2021] Error : -196608(eVOLNOTMOUNTED_RDSM) in BfM_GetTrain.c:113
[PID=98][Sun Mar 14 14:11:20 2021] Error : -196608(eVOLNOTMOUNTED_RDSM) in EduOM_Test.c:618
[PID=98][Sun Mar 14 14:11:20 2021] Error : -196608(eVOLNOTMOUNTED_RDSM) in RDsM_ReadTrain.c:90
[PID=98][Sun Mar 14 14:11:20 2021] Error : -196608(eVOLNOTMOUNTED_RDSM) in bfm_ReadTrain.c:90
[PID=98][Sun Mar 14 14:11:20 2021] Error : -196608(eVOLNOTMOUNTED_RDSM) in BfM_GetTrain.c:113
[PID=98][Sun Mar 14 14:11:20 2021] Error : -196608(eVOLNOTMOUNTED_RDSM) in EduOM_Test.c:562
[PID=98][Sun Mar 14 14:11:20 2021] Error : -196608(eVOLNOTMOUNTED_RDSM) in RDsM_ReadTrain.c:90
[PID=98][Sun Mar 14 14:11:20 2021] Error : -196608(eVOLNOTMOUNTED_RDSM) in bfm_ReadTrain.c:90
[PID=98][Sun Mar 14 14:11:20 2021] Error : -196608(eVOLNOTMOUNTED_RDSM) in BfM_GetTrain.c:113
[PID=98][Sun Mar 14 14:11:20 2021] Error : -196608(eVOLNOTMOUNTED_RDSM) in EduOM_Test.c:562
[PID=98][Sun Mar 14 14:11:20 2021] Error : -196608(eVOLNOTMOUNTED_RDSM) in RDsM_ReadTrain.c:90
[PID=98][Sun Mar 14 14:11:20 2021] Error : -196608(eVOLNOTMOUNTED_RDSM) in bfm_ReadTrain.c:90
[PID=98][Sun Mar 14 14:11:20 2021] Error : -196608(eVOLNOTMOUNTED_RDSM) in BfM_GetTrain.c:113
[PID=98][Sun Mar 14 14:11:20 2021] Error : -196608(eVOLNOTMOUNTED_RDSM) in EduOM_Test.c:562
[PID=98][Sun Mar 14 14:11:21 2021] Error : -196608(eVOLNOTMOUNTED_RDSM) in RDsM_ReadTrain.c:90
[PID=98][Sun Mar 14 14:11:21 2021] Error : -196608(eVOLNOTMOUNTED_RDSM) in bfm_ReadTrain.c:90
[PID=98][Sun Mar 14 14:11:21 2021] Error : -196608(eVOLNOTMOUNTED_RDSM) in BfM_GetTrain.c:113
[PID=98][Sun Mar 14 14:11:21 2021] Error : -196608(eVOLNOTMOUNTED_RDSM) in EduOM_Test.c:665
[PID=98][Sun Mar 14 14:11:21 2021] Error : -196608(eVOLNOTMOUNTED_RDSM) in RDsM_ReadTrain.c:90
[PID=98][Sun Mar 14 14:11:21 2021] Error : -196608(eVOLNOTMOUNTED_RDSM) in bfm_ReadTrain.c:90
[PID=98][Sun Mar 14 14:11:21 2021] Error : -196608(eVOLNOTMOUNTED_RDSM) in BfM_GetTrain.c:113
[PID=98][Sun Mar 14 14:11:21 2021] Error : -196608(eVOLNOTMOUNTED_RDSM) in EduOM_Test.c:562
[PID=98][Sun Mar 14 14:11:21 2021] Error : -1(Unix error code) in EduOM_Test.c:272
[PID=98][Sun Mar 14 14:11:21 2021] Error : -589829(eNOLOGGEDTRANSACTION_RM) in RM_Transaction.c:311
[PID=98][Sun Mar 14 14:11:21 2021] Error : -589829(eNOLOGGEDTRANSACTION_RM) in SM_Transaction.c:258
[PID=98][Sun Mar 14 14:11:21 2021] Error : -589829(eNOLOGGEDTRANSACTION_RM) in SM_ThinLayer.c:761
[PID=98][Sun Mar 14 14:11:21 2021] Error : -589829(eNOLOGGEDTRANSACTION_RM) in LRDS_Transaction.c:133
[PID=98][Sun Mar 14 14:11:21 2021] Error : -524288(eBADPARAMETER_SM) in SM_CloseScan.c:65
[PID=98][Sun Mar 14 14:11:21 2021] Error : -524288(eBADPARAMETER_SM) in LRDS_CloseScan.c:102
[PID=98][Sun Mar 14 14:11:21 2021] Error : -524288(eBADPARAMETER_SM) in LRDS_Transaction.c:90
[PID=98][Sun Mar 14 14:11:21 2021] Error : -65539(eBADVOLUMEID) in LRDS_Dismount.c:73
[PID=109][Sun Mar 14 14:12:08 2021] Error : -196608(eVOLNOTMOUNTED_RDSM) in RDsM_ReadTrain.c:90
[PID=109][Sun Mar 14 14:12:08 2021] Error : -196608(eVOLNOTMOUNTED_RDSM) in bfm_ReadTrain.c:90
[PID=109][Sun Mar 14 14:12:08 2021] Error : -196608(eVOLNOTMOUNTED_RDSM) in BfM_GetTrain.c:113
[PID=109][Sun Mar 14 14:12:08 2021] Error : -196608(eVOLNOTMOUNTED_RDSM) in EduOM_Test.c:562
[PID=109][Sun Mar 14 14:12:09 2021] Error : -196608(eVOLNOTMOUNTED_RDSM) in RDsM_ReadTrain.c:90
[PID=109][Sun Mar 14 14:12:09 2021] Error : -196608(eVOLNOTMOUNTED_RDSM) in bfm_ReadTrain.c:90
[PID=109][Sun Mar 14 14:12:09 2021] Error : -196608(eVOLNOTMOUNTED_RDSM) in BfM_GetTrain.c:113
[PID=109][Sun Mar 14 14:12:09 2021] Error : -196608(eVOLNOTMOUNTED_RDSM) in EduOM_Test.c:562
[PID=109][Sun Mar 14 14:12:09 2021] Error : -196608(eVOLNOTMOUNTED_RDSM) in RDsM_ReadTrain.c:90
[PID=109][Sun Mar 14 14:12:09 2021] Error : -196608(eVOLNOTMOUNTED_RDSM) in bfm_ReadTrain.c:90
[PID=109][Sun Mar 14 14:12:09 2021] Error : -196608(eVOLNOTMOUNTED_RDSM) in BfM_GetTrain.c:113
[PID=109][Sun Mar 14 14:12:09 2021] Error : -196608(eVOLNOTMOUNTED_RDSM) in EduOM_Test.c:618
[PID=109][Sun Mar 14 14:12:09 2021] Error : -196608(eVOLNOTMOUNTED_RDSM) in RDsM_ReadTrain.c:90
[PID=109][Sun Mar 14 14:12:09 2021] Error : -196608(eVOLNOTMOUNTED_RDSM) in bfm_ReadTrain.c:90
[PID=109][Sun Mar 14 14:12:09 2021] Error : -196608(eVOLNOTMOUNTED_RDSM) in BfM_GetTrain.c:113
[PID=109][Sun Mar 14 14:12:09 2021] Error : -196608(eVOLNOTMOUNTED_RDSM) in EduOM_Test.c:562
[PID=109][Sun Mar 14 14:12:09 2021] Error : -196608(eVOLNOTMOUNTED_RDSM) in RDsM_ReadTrain.c:90
[PID=109][Sun Mar 14 14:12:09 2021] Error : -196608(eVOLNOTMOUNTED_RDSM) in bfm_ReadTrain.c:90
[PID=109][Sun Mar 14 14:12:09 2021] Error : -196608(eVOLNOTMOUNTED_RDSM) in BfM_GetTrain.c:113
[PID=109][Sun Mar 14 14:12:09 2021] Error : -196608(eVOLNOTMOUNTED_RDSM) in EduOM_Test.c:562
[PID=109][Sun Mar 14 14:12:09 2021] Error : -196608(eVOLNOTMOUNTED_RDSM) in RDsM_ReadTrain.c:90
[PID=109][Sun Mar 14 14:12:09 2021] Error : -196608(eVOLNOTMOUNTED_RDSM) in bfm_ReadTrain.c:90
[PID=109][Sun Mar 14 14:12:09 2021] Error : -196608(eVOLNOTMOUNTED_RDSM) in BfM_GetTrain.c:113
[PID=109][Sun Mar 14 14:12:09 2021] Error : -196608(eVOLNOTMOUNTED_RDSM) in EduOM_Test.c:562
[PID=109][Sun Mar 14 14:12:09 2021] Error : -196608(eVOLNOTMOUNTED_RDSM) in RDsM_ReadTrain.c:90
[PID=109][Sun Mar 14 14:12:09 2021] Error : -196608(eVOLNOTMOUNTED_RDSM) in bfm_ReadTrain.c:90
[PID=109][Sun Mar 14 14:12:09 2021] Error : -196608(eVOLNOTMOUNTED_RDSM) in BfM_GetTrain.c:113
[PID=109][Sun Mar 14 14:12:09 2021] Error : -196608(eVOLNOTMOUNTED_RDSM) in EduOM_Test.c:665
[PID=109][Sun Mar 14 14:12:09 2021] Error : -196608(eVOLNOTMOUNTED_RDSM) in RDsM_ReadTrain.c:90
[PID=109][Sun Mar 14 14:12:09 2021] Error : -196608(eVOLNOTMOUNTED_RDSM) in bfm_ReadTrain.c:90
[PID=109][Sun Mar 14 14:12:09 2021] Error : -196608(eVOLNOTMOUNTED_RDSM) in BfM_GetTrain.c:113
[PID=109][Sun Mar 14 14:12:09 2021] Error : -196608(eVOLNOTMOUNTED_RDSM) in EduOM_Test.c:562
[PID=109][Sun Mar 14 14:12:09 2021] Error : -1(Unix error code) in EduOM_Test.c:272
[PID=109][Sun Mar 14 14:12:09 2021] Error : -589829(eNOLOGGEDTRANSACTION_RM) in RM_Transaction.c:311
[PID=109][Sun Mar 14 14:12:09 2021] Error : -589829(eNOLOGGEDTRANSACTION_RM) in SM_Transaction.c:258
[PID=109][Sun Mar 14 14:12:09 2021] Error : -589829(eNOLOGGEDTRANSACTION_RM) in SM_ThinLayer.c:761
[PID=109][Sun Mar 14 14:12:09 2021] Error : -589829(eNOLOGGEDTRANSACTION_RM) in LRDS_Transaction.c:133
[PID=109][Sun Mar 14 14:12:09 2021] Error : -524288(eBADPARAMETER_SM) in SM_CloseScan.c:65
[PID=109][Sun Mar 14 14:12:09 2021] Error : -524288(eBADPARAMETER_SM) in LRDS_CloseScan.c:102
[PID=109][Sun Mar 14 14:12:09 2021] Error : -524288(eBADPARAMETER_SM) in LRDS_Transaction.c:90
[PID=109][Sun Mar 14 14:12:09 2021] Error : -65539(eBADVOLUMEID) in LRDS_Dismount.c:73
