[PID=111][Mon Nov 30 02:11:06 2020] Error : -196618(eINVALIDPID_RDSM) in RDsM_ReadTrain.c:103
[PID=111][Mon Nov 30 02:11:06 2020] Error : -196618(eINVALIDPID_RDSM) in bfm_ReadTrain.c:90
[PID=111][Mon Nov 30 02:11:06 2020] Error : -196618(eINVALIDPID_RDSM) in BfM_GetTrain.c:113
[PID=111][Mon Nov 30 02:11:06 2020] Error : -196618(eINVALIDPID_RDSM) in EduBtM_Test.c:845
[PID=111][Mon Nov 30 02:11:06 2020] Error : -196618(eINVALIDPID_RDSM) in EduBtM_Test.c:429
[PID=111][Mon Nov 30 02:11:06 2020] Error : -589829(eNOLOGGEDTRANSACTION_RM) in RM_Transaction.c:311
[PID=111][Mon Nov 30 02:11:06 2020] Error : -589829(eNOLOGGEDTRANSACTION_RM) in SM_Transaction.c:258
[PID=111][Mon Nov 30 02:11:06 2020] Error : -589829(eNOLOGGEDTRANSACTION_RM) in SM_ThinLayer.c:761
[PID=111][Mon Nov 30 02:11:06 2020] Error : -589829(eNOLOGGEDTRANSACTION_RM) in LRDS_Transaction.c:133
[PID=193][Mon Nov 30 02:13:02 2020] Error : -458753(eBADBTREEPAGE_BTM) in EduBtM_Test.c:855
[PID=193][Mon Nov 30 02:13:28 2020] Error : -458753(eBADBTREEPAGE_BTM) in EduBtM_Test.c:855
[PID=34][Mon Nov 30 11:54:43 2020] Error : -458758(eDUPLICATEDKEY_BTM) in edubtm_Insert.c:233
[PID=34][Mon Nov 30 11:54:43 2020] Error : -458758(eDUPLICATEDKEY_BTM) in edubtm_Insert.c:154
[PID=34][Mon Nov 30 11:54:43 2020] Error : -458758(eDUPLICATEDKEY_BTM) in edubtm_Insert.c:140
[PID=34][Mon Nov 30 11:54:43 2020] Error : -458758(eDUPLICATEDKEY_BTM) in EduBtM_InsertObject.c:101
[PID=34][Mon Nov 30 11:55:09 2020] Error : -458753(eBADBTREEPAGE_BTM) in EduBtM_Test.c:855
[PID=68][Mon Nov 30 16:41:53 2020] Error : -458758(eDUPLICATEDKEY_BTM) in edubtm_Insert.c:190
[PID=68][Mon Nov 30 16:41:53 2020] Error : -458758(eDUPLICATEDKEY_BTM) in edubtm_Insert.c:151
[PID=68][Mon Nov 30 16:41:53 2020] Error : -458758(eDUPLICATEDKEY_BTM) in EduBtM_InsertObject.c:111
[PID=134][Sun Dec 13 04:34:54 2020] Error : -458753(eBADBTREEPAGE_BTM) in EduBtM_Test.c:855
[PID=151][Sun Dec 13 12:26:58 2020] Error : -458753(eBADBTREEPAGE_BTM) in EduBtM_Test.c:855
[PID=200][Sun Dec 13 12:51:07 2020] Error : -458753(eBADBTREEPAGE_BTM) in EduBtM_Test.c:855
[PID=201][Sun Dec 13 12:52:54 2020] Error : -458753(eBADBTREEPAGE_BTM) in EduBtM_Test.c:855
[PID=201][Sun Dec 13 12:52:58 2020] Error : -458753(eBADBTREEPAGE_BTM) in EduBtM_Test.c:855
[PID=203][Sun Dec 13 13:20:11 2020] Error : -458753(eBADBTREEPAGE_BTM) in EduBtM_Test.c:855
[PID=217][Sun Dec 13 13:29:57 2020] Error : -458753(eBADBTREEPAGE_BTM) in EduBtM_Test.c:855
[PID=218][Sun Dec 13 14:00:29 2020] Error : -458753(eBADBTREEPAGE_BTM) in EduBtM_Test.c:855
[PID=232][Sun Dec 13 14:01:25 2020] Error : -458753(eBADBTREEPAGE_BTM) in EduBtM_Test.c:855
[PID=233][Sun Dec 13 14:05:49 2020] Error : -458753(eBADBTREEPAGE_BTM) in EduBtM_Test.c:855
[PID=315][Sun Dec 13 15:09:48 2020] Error : -458753(eBADBTREEPAGE_BTM) in EduBtM_Test.c:865
[PID=372][Sun Dec 13 15:50:25 2020] Error : -458753(eBADBTREEPAGE_BTM) in EduBtM_Test.c:855
[PID=382][Sun Dec 13 15:51:26 2020] Error : -458753(eBADBTREEPAGE_BTM) in EduBtM_Test.c:855
[PID=424][Sun Dec 13 16:03:11 2020] Error : -458753(eBADBTREEPAGE_BTM) in EduBtM_Test.c:855
[PID=603][Sun Dec 13 16:50:49 2020] Error : -458753(eBADBTREEPAGE_BTM) in EduBtM_Test.c:855
[PID=603][Sun Dec 13 16:50:59 2020] Error : -458753(eBADBTREEPAGE_BTM) in EduBtM_Test.c:855
[PID=603][Sun Dec 13 16:51:01 2020] Error : -458753(eBADBTREEPAGE_BTM) in EduBtM_Test.c:855
[PID=665][Sun Dec 13 17:09:45 2020] Error : -458753(eBADBTREEPAGE_BTM) in EduBtM_Test.c:865
[PID=691][Sun Dec 13 17:28:45 2020] Error : -196608(eVOLNOTMOUNTED_RDSM) in RDsM_ReadTrain.c:90
[PID=691][Sun Dec 13 17:28:45 2020] Error : -196608(eVOLNOTMOUNTED_RDSM) in bfm_ReadTrain.c:90
[PID=691][Sun Dec 13 17:28:45 2020] Error : -196608(eVOLNOTMOUNTED_RDSM) in BfM_GetTrain.c:113
[PID=691][Sun Dec 13 17:28:45 2020] Error : -196608(eVOLNOTMOUNTED_RDSM) in edubtm_Split.c:328
[PID=693][Sun Dec 13 17:30:12 2020] Error : -196608(eVOLNOTMOUNTED_RDSM) in RDsM_ReadTrain.c:90
[PID=693][Sun Dec 13 17:30:12 2020] Error : -196608(eVOLNOTMOUNTED_RDSM) in bfm_ReadTrain.c:90
[PID=693][Sun Dec 13 17:30:12 2020] Error : -196608(eVOLNOTMOUNTED_RDSM) in BfM_GetTrain.c:113
[PID=693][Sun Dec 13 17:30:12 2020] Error : -196608(eVOLNOTMOUNTED_RDSM) in edubtm_Split.c:328
[PID=716][Sun Dec 13 17:36:04 2020] Error : -196608(eVOLNOTMOUNTED_RDSM) in RDsM_ReadTrain.c:90
[PID=716][Sun Dec 13 17:36:04 2020] Error : -196608(eVOLNOTMOUNTED_RDSM) in bfm_ReadTrain.c:90
[PID=716][Sun Dec 13 17:36:04 2020] Error : -196608(eVOLNOTMOUNTED_RDSM) in BfM_GetTrain.c:113
[PID=716][Sun Dec 13 17:36:04 2020] Error : -196608(eVOLNOTMOUNTED_RDSM) in edubtm_Split.c:328
[PID=719][Sun Dec 13 17:36:24 2020] Error : -196608(eVOLNOTMOUNTED_RDSM) in RDsM_ReadTrain.c:90
[PID=719][Sun Dec 13 17:36:24 2020] Error : -196608(eVOLNOTMOUNTED_RDSM) in bfm_ReadTrain.c:90
[PID=719][Sun Dec 13 17:36:24 2020] Error : -196608(eVOLNOTMOUNTED_RDSM) in BfM_GetTrain.c:113
[PID=719][Sun Dec 13 17:36:24 2020] Error : -196608(eVOLNOTMOUNTED_RDSM) in edubtm_Split.c:328
[PID=62][Sun Dec 13 18:23:44 2020] Error : -458753(eBADBTREEPAGE_BTM) in EduBtM_Test.c:855
[PID=111][Sun Dec 13 19:17:03 2020] Error : -458753(eBADBTREEPAGE_BTM) in EduBtM_Test.c:855
[PID=136][Sun Dec 13 19:25:20 2020] Error : -196608(eVOLNOTMOUNTED_RDSM) in RDsM_ReadTrain.c:90
[PID=136][Sun Dec 13 19:25:20 2020] Error : -196608(eVOLNOTMOUNTED_RDSM) in bfm_ReadTrain.c:90
[PID=136][Sun Dec 13 19:25:20 2020] Error : -196608(eVOLNOTMOUNTED_RDSM) in BfM_GetTrain.c:113
[PID=136][Sun Dec 13 19:25:20 2020] Error : -196608(eVOLNOTMOUNTED_RDSM) in edubtm_Split.c:327
[PID=150][Sun Dec 13 19:26:25 2020] Error : -196608(eVOLNOTMOUNTED_RDSM) in RDsM_ReadTrain.c:90
[PID=150][Sun Dec 13 19:26:25 2020] Error : -196608(eVOLNOTMOUNTED_RDSM) in bfm_ReadTrain.c:90
[PID=150][Sun Dec 13 19:26:25 2020] Error : -196608(eVOLNOTMOUNTED_RDSM) in BfM_GetTrain.c:113
[PID=150][Sun Dec 13 19:26:25 2020] Error : -196608(eVOLNOTMOUNTED_RDSM) in edubtm_Split.c:327
[PID=177][Sun Dec 13 19:32:16 2020] Error : -196608(eVOLNOTMOUNTED_RDSM) in RDsM_ReadTrain.c:90
[PID=177][Sun Dec 13 19:32:16 2020] Error : -196608(eVOLNOTMOUNTED_RDSM) in bfm_ReadTrain.c:90
[PID=177][Sun Dec 13 19:32:16 2020] Error : -196608(eVOLNOTMOUNTED_RDSM) in BfM_GetTrain.c:113
[PID=177][Sun Dec 13 19:32:16 2020] Error : -196608(eVOLNOTMOUNTED_RDSM) in edubtm_Split.c:334
[PID=178][Sun Dec 13 19:32:26 2020] Error : -196608(eVOLNOTMOUNTED_RDSM) in RDsM_ReadTrain.c:90
[PID=178][Sun Dec 13 19:32:26 2020] Error : -196608(eVOLNOTMOUNTED_RDSM) in bfm_ReadTrain.c:90
[PID=178][Sun Dec 13 19:32:26 2020] Error : -196608(eVOLNOTMOUNTED_RDSM) in BfM_GetTrain.c:113
[PID=178][Sun Dec 13 19:32:26 2020] Error : -196608(eVOLNOTMOUNTED_RDSM) in edubtm_Split.c:334
[PID=178][Sun Dec 13 19:33:25 2020] Error : -262149(eFLUSHFIXEDBUF_BFM) in BfM_Dismount.c:110
[PID=178][Sun Dec 13 19:33:25 2020] Error : -262149(eFLUSHFIXEDBUF_BFM) in SM_Dismount.c:104
[PID=178][Sun Dec 13 19:33:25 2020] Error : -262149(eFLUSHFIXEDBUF_BFM) in LRDS_Dismount.c:246
[PID=178][Sun Dec 13 19:33:25 2020] Error : -262149(eFLUSHFIXEDBUF_BFM) in LRDS_Dismount.c:143
[PID=164][Sun Dec 13 19:37:44 2020] Error : -458753(eBADBTREEPAGE_BTM) in EduBtM_Test.c:855
[PID=201][Sun Dec 13 19:41:42 2020] Error : -458753(eBADBTREEPAGE_BTM) in EduBtM_Test.c:855
[PID=202][Sun Dec 13 19:42:24 2020] Error : -458753(eBADBTREEPAGE_BTM) in EduBtM_Test.c:855
[PID=214][Sun Dec 13 19:45:35 2020] Error : -458753(eBADBTREEPAGE_BTM) in EduBtM_Test.c:855
[PID=214][Sun Dec 13 19:46:07 2020] Error : -458753(eBADBTREEPAGE_BTM) in EduBtM_Test.c:855
[PID=216][Sun Dec 13 19:49:45 2020] Error : -458753(eBADBTREEPAGE_BTM) in EduBtM_Test.c:855
[PID=252][Sun Dec 13 20:07:27 2020] Error : -196608(eVOLNOTMOUNTED_RDSM) in RDsM_ReadTrain.c:90
[PID=252][Sun Dec 13 20:07:27 2020] Error : -196608(eVOLNOTMOUNTED_RDSM) in bfm_ReadTrain.c:90
[PID=252][Sun Dec 13 20:07:27 2020] Error : -196608(eVOLNOTMOUNTED_RDSM) in BfM_GetTrain.c:113
[PID=252][Sun Dec 13 20:07:27 2020] Error : -196608(eVOLNOTMOUNTED_RDSM) in edubtm_Split.c:336
[PID=328][Sun Dec 13 20:17:54 2020] Error : -196608(eVOLNOTMOUNTED_RDSM) in RDsM_ReadTrain.c:90
[PID=328][Sun Dec 13 20:17:54 2020] Error : -196608(eVOLNOTMOUNTED_RDSM) in bfm_ReadTrain.c:90
[PID=328][Sun Dec 13 20:17:54 2020] Error : -196608(eVOLNOTMOUNTED_RDSM) in BfM_GetTrain.c:113
[PID=328][Sun Dec 13 20:17:54 2020] Error : -196608(eVOLNOTMOUNTED_RDSM) in edubtm_Split.c:337
[PID=339][Sun Dec 13 20:18:23 2020] Error : -196608(eVOLNOTMOUNTED_RDSM) in RDsM_ReadTrain.c:90
[PID=339][Sun Dec 13 20:18:23 2020] Error : -196608(eVOLNOTMOUNTED_RDSM) in bfm_ReadTrain.c:90
[PID=339][Sun Dec 13 20:18:23 2020] Error : -196608(eVOLNOTMOUNTED_RDSM) in BfM_GetTrain.c:113
[PID=339][Sun Dec 13 20:18:23 2020] Error : -196608(eVOLNOTMOUNTED_RDSM) in edubtm_Split.c:337
[PID=350][Sun Dec 13 20:25:45 2020] Error : -262150(eNOTFOUND_BFM) in BfM_SetDirty.c:88
[PID=350][Sun Dec 13 20:25:45 2020] Error : -262150(eNOTFOUND_BFM) in edubtm_Split.c:344
[PID=361][Sun Dec 13 20:26:31 2020] Error : -262150(eNOTFOUND_BFM) in BfM_SetDirty.c:88
[PID=361][Sun Dec 13 20:26:31 2020] Error : -262150(eNOTFOUND_BFM) in edubtm_Split.c:344
[PID=177][Sun Dec 13 22:22:19 2020] Error : -458753(eBADBTREEPAGE_BTM) in EduBtM_Test.c:855
[PID=177][Sun Dec 13 22:22:49 2020] Error : -458753(eBADBTREEPAGE_BTM) in EduBtM_Test.c:855
[PID=179][Sun Dec 13 22:24:35 2020] Error : -458753(eBADBTREEPAGE_BTM) in EduBtM_Test.c:855
